0 info it worked if it ends with ok
1 verbose cli [ 'C:\\Program Files\\nodejs\\node.exe',
1 verbose cli   'C:\\Program Files\\nodejs\\node_modules\\npm\\bin\\npm-cli.js',
1 verbose cli   'publish',
1 verbose cli   '--access',
1 verbose cli   'public' ]
2 info using npm@3.10.10
3 info using node@v6.9.5
4 verbose publish [ '.' ]
5 silly cache add args [ '.', null ]
6 verbose cache add spec .
7 silly cache add parsed spec Result {
7 silly cache add   raw: '.',
7 silly cache add   scope: null,
7 silly cache add   escapedName: null,
7 silly cache add   name: null,
7 silly cache add   rawSpec: '.',
7 silly cache add   spec: 'D:\\N15477 P13353\\D Drive\\Projects\\Samples\\Brahma\\src',
7 silly cache add   type: 'directory' }
8 verbose addLocalDirectory C:\Users\admin\AppData\Roaming\npm-cache\reviews-analysis\1.0.0\package.tgz not in flight; packing
9 verbose correctMkdir C:\Users\admin\AppData\Roaming\npm-cache correctMkdir not in flight; initializing
10 info lifecycle reviews-analysis@1.0.0~prepublish: reviews-analysis@1.0.0
11 silly lifecycle reviews-analysis@1.0.0~prepublish: no script for prepublish, continuing
12 verbose tar pack [ 'C:\\Users\\admin\\AppData\\Roaming\\npm-cache\\reviews-analysis\\1.0.0\\package.tgz',
12 verbose tar pack   'D:\\N15477 P13353\\D Drive\\Projects\\Samples\\Brahma\\src' ]
13 verbose tarball C:\Users\admin\AppData\Roaming\npm-cache\reviews-analysis\1.0.0\package.tgz
14 verbose folder D:\N15477 P13353\D Drive\Projects\Samples\Brahma\src
15 verbose addLocalTarball adding from inside cache C:\Users\admin\AppData\Roaming\npm-cache\reviews-analysis\1.0.0\package.tgz
16 verbose correctMkdir C:\Users\admin\AppData\Roaming\npm-cache correctMkdir not in flight; initializing
17 silly cache afterAdd reviews-analysis@1.0.0
18 verbose afterAdd C:\Users\admin\AppData\Roaming\npm-cache\reviews-analysis\1.0.0\package\package.json not in flight; writing
19 verbose correctMkdir C:\Users\admin\AppData\Roaming\npm-cache correctMkdir not in flight; initializing
20 verbose afterAdd C:\Users\admin\AppData\Roaming\npm-cache\reviews-analysis\1.0.0\package\package.json written
21 silly publish { name: 'reviews-analysis',
21 silly publish   version: '1.0.0',
21 silly publish   description: 'Analyse public vehicle reviews via ML (Aylien) and save the data into a Document Store (Mongo). Supports Classifications and Document and Aspect level Sentiment Analysis. ',
21 silly publish   main: 'main.js',
21 silly publish   dependencies:
21 silly publish    { aylien_textapi: '^0.7.0',
21 silly publish      'line-reader': '^0.4.0',
21 silly publish      'lambda-local': '^1.5.2',
21 silly publish      lodash: '^4.17.11',
21 silly publish      mongo: '^0.1.0',
21 silly publish      request: '^2.88.0',
21 silly publish      bst: '^0.0.1' },
21 silly publish   devDependencies: {},
21 silly publish   scripts: { test: 'main' },
21 silly publish   repository: { type: 'git', url: 'git+https://github.com/anoopk/Brahma.git' },
21 silly publish   keywords:
21 silly publish    [ 'Aylien',
21 silly publish      'MongoDB',
21 silly publish      'NLP',
21 silly publish      'Textual',
21 silly publish      'Analysis',
21 silly publish      'Auto',
21 silly publish      'Reviews' ],
21 silly publish   author: { name: 'Strange Designs' },
21 silly publish   license: 'ISC',
21 silly publish   bugs: { url: 'https://github.com/anoopk/Brahma/issues' },
21 silly publish   homepage: 'https://github.com/anoopk/Brahma#readme',
21 silly publish   readme: 'ERROR: No README data found!',
21 silly publish   _id: 'reviews-analysis@1.0.0',
21 silly publish   _shasum: '05d2976c174bb09116b1ed2d6ef6f7f3bcd69d4d',
21 silly publish   _from: '.' }
22 verbose getPublishConfig undefined
23 silly mapToRegistry name reviews-analysis
24 silly mapToRegistry using default registry
25 silly mapToRegistry registry https://registry.npmjs.org/
26 silly mapToRegistry data Result {
26 silly mapToRegistry   raw: 'reviews-analysis',
26 silly mapToRegistry   scope: null,
26 silly mapToRegistry   escapedName: 'reviews-analysis',
26 silly mapToRegistry   name: 'reviews-analysis',
26 silly mapToRegistry   rawSpec: '',
26 silly mapToRegistry   spec: 'latest',
26 silly mapToRegistry   type: 'tag' }
27 silly mapToRegistry uri https://registry.npmjs.org/reviews-analysis
28 verbose publish registryBase https://registry.npmjs.org/
29 silly publish uploading C:\Users\admin\AppData\Roaming\npm-cache\reviews-analysis\1.0.0\package.tgz
30 verbose request uri https://registry.npmjs.org/reviews-analysis
31 verbose request sending authorization for write operation
32 info attempt registry request try #1 at 7:19:09 PM
33 verbose request using bearer token for auth
34 verbose request id 8fcd3b83aacd0e60
35 http request PUT https://registry.npmjs.org/reviews-analysis
36 http 403 https://registry.npmjs.org/reviews-analysis
37 verbose headers { date: 'Wed, 06 Feb 2019 13:49:07 GMT',
37 verbose headers   'content-type': 'application/json',
37 verbose headers   'transfer-encoding': 'chunked',
37 verbose headers   connection: 'keep-alive',
37 verbose headers   'set-cookie': [ '__cfduid=dea01ac4973308be7fed35dd24b730ef31549460946; expires=Thu, 06-Feb-20 13:49:06 GMT; path=/; domain=.registry.npmjs.org; HttpOnly' ],
37 verbose headers   'cf-ray': '4a4e14037bbb8884-BOM',
37 verbose headers   'expect-ct': 'max-age=604800, report-uri="https://report-uri.cloudflare.com/cdn-cgi/beacon/expect-ct"',
37 verbose headers   vary: 'Accept-Encoding',
37 verbose headers   server: 'cloudflare',
37 verbose headers   'content-encoding': 'gzip' }
38 verbose request invalidating C:\Users\admin\AppData\Roaming\npm-cache\registry.npmjs.org\reviews-analysis on PUT
39 error publish Failed PUT 403
40 verbose stack Error: you must verify your email before publishing a new package: https://www.npmjs.com/email-edit : reviews-analysis
40 verbose stack     at makeError (C:\Program Files\nodejs\node_modules\npm\node_modules\npm-registry-client\lib\request.js:302:12)
40 verbose stack     at CachingRegistryClient.<anonymous> (C:\Program Files\nodejs\node_modules\npm\node_modules\npm-registry-client\lib\request.js:290:14)
40 verbose stack     at C:\Program Files\nodejs\node_modules\npm\node_modules\npm-registry-client\lib\request.js:216:7
40 verbose stack     at Gunzip.onEnd (zlib.js:227:5)
40 verbose stack     at emitNone (events.js:91:20)
40 verbose stack     at Gunzip.emit (events.js:185:7)
40 verbose stack     at endReadableNT (_stream_readable.js:974:12)
40 verbose stack     at _combinedTickCallback (internal/process/next_tick.js:74:11)
40 verbose stack     at process._tickCallback (internal/process/next_tick.js:98:9)
41 verbose statusCode 403
42 verbose pkgid reviews-analysis
43 verbose cwd D:\N15477 P13353\D Drive\Projects\Samples\Brahma\src
44 error Windows_NT 6.1.7601
45 error argv "C:\\Program Files\\nodejs\\node.exe" "C:\\Program Files\\nodejs\\node_modules\\npm\\bin\\npm-cli.js" "publish" "--access" "public"
46 error node v6.9.5
47 error npm  v3.10.10
48 error code E403
49 error you must verify your email before publishing a new package: https://www.npmjs.com/email-edit : reviews-analysis
50 error If you need help, you may report this error at:
50 error     <https://github.com/npm/npm/issues>
51 verbose exit [ 1, true ]
